# JRE version: OpenJDK Runtime Environment Zulu21.34+19-CA (21.0.3+9) (build 21.0.3+9-LTS)
# Java VM: OpenJDK 64-Bit Server VM Zulu21.34+19-CA (21.0.3+9-LTS, mixed mode, sharing, tiered, compressed oops, compressed class ptrs, g1 gc, windows-amd64)
GC Precious Log:
 CardTable entry size: 512
 Card Set container configuration: InlinePtr #cards 5 size 8 Array Of Cards #cards 12 size 40 Howl #buckets 4 coarsen threshold 1843 Howl Bitmap #cards 512 size 80 coarsen threshold 460 Card regions per heap region 1 cards per card region 2048
 CPUs: 8 total, 8 available
 Memory: 16122M
 Large Page Support: Disabled
 NUMA Support: Disabled
 Compressed Oops: Enabled (32-bit)
 Heap Region Size: 1M
 Heap Min Capacity: 256M
 Heap Initial Capacity: 256M
 Heap Max Capacity: 512M
 Pre-touch: Disabled
 Parallel Workers: 8
 Concurrent Workers: 2
 Concurrent Refinement Workers: 8
 Periodic GC: Disabled
Heap:
 garbage-first heap   total 290816K, used 229847K [0x00000000e0000000, 0x0000000100000000)
  region size 1024K, 93 young (95232K), 9 survivors (9216K)
 Metaspace       used 56194K, committed 58048K, reserved 393216K
  class space    used 7769K, committed 8704K, reserved 327680K
GC Heap History (20 events):
Event: 23.934 GC heap before
{Heap before GC invocations=24 (full 0):
 garbage-first heap   total 281600K, used 197120K [0x00000000e0000000, 0x0000000100000000)
  region size 1024K, 66 young (67584K), 17 survivors (17408K)
 Metaspace       used 56214K, committed 58048K, reserved 393216K
  class space    used 7780K, committed 8704K, reserved 327680K
}
Event: 23.962 GC heap after
{Heap after GC invocations=25 (full 0):
 garbage-first heap   total 281600K, used 158112K [0x00000000e0000000, 0x0000000100000000)
  region size 1024K, 9 young (9216K), 9 survivors (9216K)
 Metaspace       used 56214K, committed 58048K, reserved 393216K
  class space    used 7780K, committed 8704K, reserved 327680K
}
Event: 24.486 GC heap before
{Heap before GC invocations=26 (full 0):
 garbage-first heap   total 290816K, used 249248K [0x00000000e0000000, 0x0000000100000000)
  region size 1024K, 101 young (103424K), 9 survivors (9216K)
 Metaspace       used 56177K, committed 58048K, reserved 393216K
  class space    used 7766K, committed 8704K, reserved 327680K
}
Event: 24.521 GC heap after
{Heap after GC invocations=27 (full 0):
 garbage-first heap   total 290816K, used 176577K [0x00000000e0000000, 0x0000000100000000)
  region size 1024K, 13 young (13312K), 13 survivors (13312K)
 Metaspace       used 56177K, committed 58048K, reserved 393216K
  class space    used 7766K, committed 8704K, reserved 327680K
}
Event: 24.940 GC heap before
{Heap before GC invocations=27 (full 0):
 garbage-first heap   total 290816K, used 255425K [0x00000000e0000000, 0x0000000100000000)
  region size 1024K, 90 young (92160K), 13 survivors (13312K)
 Metaspace       used 56177K, committed 58048K, reserved 393216K
  class space    used 7766K, committed 8704K, reserved 327680K
}
Event: 24.966 GC heap after
{Heap after GC invocations=28 (full 0):
 garbage-first heap   total 290816K, used 175450K [0x00000000e0000000, 0x0000000100000000)
  region size 1024K, 3 young (3072K), 3 survivors (3072K)
 Metaspace       used 56177K, committed 58048K, reserved 393216K
  class space    used 7766K, committed 8704K, reserved 327680K
}
Event: 26.142 GC heap before
{Heap before GC invocations=28 (full 0):
 garbage-first heap   total 290816K, used 259418K [0x00000000e0000000, 0x0000000100000000)
  region size 1024K, 86 young (88064K), 3 survivors (3072K)
 Metaspace       used 56179K, committed 58048K, reserved 393216K
  class space    used 7766K, committed 8704K, reserved 327680K
}
Event: 26.144 GC heap after
{Heap after GC invocations=29 (full 0):
 garbage-first heap   total 290816K, used 174384K [0x00000000e0000000, 0x0000000100000000)
  region size 1024K, 2 young (2048K), 2 survivors (2048K)
 Metaspace       used 56179K, committed 58048K, reserved 393216K
  class space    used 7766K, committed 8704K, reserved 327680K
}
Event: 27.325 GC heap before
{Heap before GC invocations=30 (full 0):
 garbage-first heap   total 290816K, used 249136K [0x00000000e0000000, 0x0000000100000000)
  region size 1024K, 90 young (92160K), 2 survivors (2048K)
 Metaspace       used 56179K, committed 58048K, reserved 393216K
  class space    used 7766K, committed 8704K, reserved 327680K
}
Event: 27.331 GC heap after
{Heap after GC invocations=31 (full 0):
 garbage-first heap   total 290816K, used 159809K [0x00000000e0000000, 0x0000000100000000)
  region size 1024K, 3 young (3072K), 3 survivors (3072K)
 Metaspace       used 56179K, committed 58048K, reserved 393216K
  class space    used 7766K, committed 8704K, reserved 327680K
}
Event: 28.627 GC heap before
{Heap before GC invocations=31 (full 0):
 garbage-first heap   total 290816K, used 264257K [0x00000000e0000000, 0x0000000100000000)
  region size 1024K, 105 young (107520K), 3 survivors (3072K)
 Metaspace       used 56184K, committed 58048K, reserved 393216K
  class space    used 7768K, committed 8704K, reserved 327680K
}
Event: 28.643 GC heap after
{Heap after GC invocations=32 (full 0):
 garbage-first heap   total 290816K, used 143172K [0x00000000e0000000, 0x0000000100000000)
  region size 1024K, 4 young (4096K), 4 survivors (4096K)
 Metaspace       used 56184K, committed 58048K, reserved 393216K
  class space    used 7768K, committed 8704K, reserved 327680K
}
Event: 29.829 GC heap before
{Heap before GC invocations=32 (full 0):
 garbage-first heap   total 290816K, used 262980K [0x00000000e0000000, 0x0000000100000000)
  region size 1024K, 121 young (123904K), 4 survivors (4096K)
 Metaspace       used 56184K, committed 58048K, reserved 393216K
  class space    used 7768K, committed 8704K, reserved 327680K
}
Event: 29.838 GC heap after
{Heap after GC invocations=33 (full 0):
 garbage-first heap   total 290816K, used 144192K [0x00000000e0000000, 0x0000000100000000)
  region size 1024K, 5 young (5120K), 5 survivors (5120K)
 Metaspace       used 56184K, committed 58048K, reserved 393216K
  class space    used 7768K, committed 8704K, reserved 327680K
}
Event: 30.883 GC heap before
{Heap before GC invocations=34 (full 0):
 garbage-first heap   total 290816K, used 267072K [0x00000000e0000000, 0x0000000100000000)
  region size 1024K, 125 young (128000K), 5 survivors (5120K)
 Metaspace       used 56189K, committed 58048K, reserved 393216K
  class space    used 7768K, committed 8704K, reserved 327680K
}
Event: 30.893 GC heap after
{Heap after GC invocations=35 (full 0):
 garbage-first heap   total 290816K, used 146081K [0x00000000e0000000, 0x0000000100000000)
  region size 1024K, 7 young (7168K), 7 survivors (7168K)
 Metaspace       used 56189K, committed 58048K, reserved 393216K
  class space    used 7768K, committed 8704K, reserved 327680K
}
Event: 32.782 GC heap before
{Heap before GC invocations=35 (full 0):
 garbage-first heap   total 290816K, used 266913K [0x00000000e0000000, 0x0000000100000000)
  region size 1024K, 125 young (128000K), 7 survivors (7168K)
 Metaspace       used 56190K, committed 58048K, reserved 393216K
  class space    used 7768K, committed 8704K, reserved 327680K
}
Event: 32.796 GC heap after
{Heap after GC invocations=36 (full 0):
 garbage-first heap   total 290816K, used 143775K [0x00000000e0000000, 0x0000000100000000)
  region size 1024K, 8 young (8192K), 8 survivors (8192K)
 Metaspace       used 56190K, committed 58048K, reserved 393216K
  class space    used 7768K, committed 8704K, reserved 327680K
}
Event: 34.092 GC heap before
{Heap before GC invocations=36 (full 0):
 garbage-first heap   total 290816K, used 265631K [0x00000000e0000000, 0x0000000100000000)
  region size 1024K, 127 young (130048K), 8 survivors (8192K)
 Metaspace       used 56192K, committed 58048K, reserved 393216K
  class space    used 7768K, committed 8704K, reserved 327680K
}
Event: 34.103 GC heap after
{Heap after GC invocations=37 (full 0):
 garbage-first heap   total 290816K, used 144855K [0x00000000e0000000, 0x0000000100000000)
  region size 1024K, 9 young (9216K), 9 survivors (9216K)
 Metaspace       used 56192K, committed 58048K, reserved 393216K
  class space    used 7768K, committed 8704K, reserved 327680K
}

